# JRE version: Java(TM) SE Runtime Environment (11.0.4+10) (build 11.0.4+10-LTS)
# Java VM: Java HotSpot(TM) 64-Bit Server VM (11.0.4+10-LTS, mixed mode, tiered, compressed oops, g1 gc, windows-amd64)
Heap:
 garbage-first heap   total 95232K, used 53486K [0x00000000c1c00000, 0x0000000100000000)
  region size 1024K, 12 young (12288K), 3 survivors (3072K)
 Metaspace       used 37057K, capacity 37841K, committed 37936K, reserved 1083392K
  class space    used 4190K, capacity 4477K, committed 4480K, reserved 1048576K
GC Heap History (10 events):
Event: 12.652 GC heap before
{Heap before GC invocations=22 (full 0):
 garbage-first heap   total 78848K, used 62154K [0x00000000c1c00000, 0x0000000100000000)
  region size 1024K, 27 young (27648K), 3 survivors (3072K)
 Metaspace       used 32865K, capacity 33348K, committed 33584K, reserved 1079296K
  class space    used 3678K, capacity 3864K, committed 3968K, reserved 1048576K
}
Event: 12.658 GC heap after
{Heap after GC invocations=23 (full 0):
 garbage-first heap   total 95232K, used 40049K [0x00000000c1c00000, 0x0000000100000000)
  region size 1024K, 2 young (2048K), 2 survivors (2048K)
 Metaspace       used 32865K, capacity 33348K, committed 33584K, reserved 1079296K
  class space    used 3678K, capacity 3864K, committed 3968K, reserved 1048576K
}
Event: 13.048 GC heap before
{Heap before GC invocations=24 (full 0):
 garbage-first heap   total 95232K, used 69745K [0x00000000c1c00000, 0x0000000100000000)
  region size 1024K, 31 young (31744K), 2 survivors (2048K)
 Metaspace       used 34200K, capacity 34913K, committed 35120K, reserved 1081344K
  class space    used 3899K, capacity 4177K, committed 4224K, reserved 1048576K
}
Event: 13.054 GC heap after
{Heap after GC invocations=25 (full 0):
 garbage-first heap   total 95232K, used 41940K [0x00000000c1c00000, 0x0000000100000000)
  region size 1024K, 4 young (4096K), 4 survivors (4096K)
 Metaspace       used 34200K, capacity 34913K, committed 35120K, reserved 1081344K
  class space    used 3899K, capacity 4177K, committed 4224K, reserved 1048576K
}
Event: 13.331 GC heap before
{Heap before GC invocations=25 (full 0):
 garbage-first heap   total 95232K, used 71636K [0x00000000c1c00000, 0x0000000100000000)
  region size 1024K, 33 young (33792K), 4 survivors (4096K)
 Metaspace       used 35071K, capacity 35799K, committed 36016K, reserved 1081344K
  class space    used 4010K, capacity 4280K, committed 4352K, reserved 1048576K
}
Event: 13.335 GC heap after
{Heap after GC invocations=26 (full 0):
 garbage-first heap   total 95232K, used 43506K [0x00000000c1c00000, 0x0000000100000000)
  region size 1024K, 4 young (4096K), 4 survivors (4096K)
 Metaspace       used 35071K, capacity 35799K, committed 36016K, reserved 1081344K
  class space    used 4010K, capacity 4280K, committed 4352K, reserved 1048576K
}
Event: 72.581 GC heap before
{Heap before GC invocations=26 (full 0):
 garbage-first heap   total 95232K, used 73202K [0x00000000c1c00000, 0x0000000100000000)
  region size 1024K, 33 young (33792K), 4 survivors (4096K)
 Metaspace       used 36464K, capacity 37205K, committed 37424K, reserved 1083392K
  class space    used 4162K, capacity 4427K, committed 4480K, reserved 1048576K
}
Event: 72.591 GC heap after
{Heap after GC invocations=27 (full 0):
 garbage-first heap   total 95232K, used 44635K [0x00000000c1c00000, 0x0000000100000000)
  region size 1024K, 3 young (3072K), 3 survivors (3072K)
 Metaspace       used 36464K, capacity 37205K, committed 37424K, reserved 1083392K
  class space    used 4162K, capacity 4427K, committed 4480K, reserved 1048576K
}
Event: 217.731 GC heap before
{Heap before GC invocations=27 (full 0):
 garbage-first heap   total 95232K, used 74331K [0x00000000c1c00000, 0x0000000100000000)
  region size 1024K, 32 young (32768K), 3 survivors (3072K)
 Metaspace       used 37056K, capacity 37841K, committed 37936K, reserved 1083392K
  class space    used 4190K, capacity 4477K, committed 4480K, reserved 1048576K
}
Event: 217.738 GC heap after
{Heap after GC invocations=28 (full 0):
 garbage-first heap   total 95232K, used 45294K [0x00000000c1c00000, 0x0000000100000000)
  region size 1024K, 3 young (3072K), 3 survivors (3072K)
 Metaspace       used 37056K, capacity 37841K, committed 37936K, reserved 1083392K
  class space    used 4190K, capacity 4477K, committed 4480K, reserved 1048576K
}

