# JRE version: Java(TM) SE Runtime Environment (11.0.4+10) (build 11.0.4+10-LTS)
# Java VM: Java HotSpot(TM) 64-Bit Server VM (11.0.4+10-LTS, mixed mode, tiered, compressed oops, g1 gc, windows-amd64)
Heap:
 garbage-first heap   total 95232K, used 52128K [0x00000000c1c00000, 0x0000000100000000)
  region size 1024K, 7 young (7168K), 2 survivors (2048K)
 Metaspace       used 38272K, capacity 39145K, committed 39344K, reserved 1083392K
  class space    used 4269K, capacity 4589K, committed 4608K, reserved 1048576K
GC Heap History (10 events):
Event: 81.947 GC heap before
{Heap before GC invocations=29 (full 0):
 garbage-first heap   total 95232K, used 74637K [0x00000000c1c00000, 0x0000000100000000)
  region size 1024K, 31 young (31744K), 2 survivors (2048K)
 Metaspace       used 35182K, capacity 35858K, committed 36016K, reserved 1081344K
  class space    used 4011K, capacity 4276K, committed 4352K, reserved 1048576K
}
Event: 81.951 GC heap after
{Heap after GC invocations=30 (full 0):
 garbage-first heap   total 95232K, used 46186K [0x00000000c1c00000, 0x0000000100000000)
  region size 1024K, 3 young (3072K), 3 survivors (3072K)
 Metaspace       used 35182K, capacity 35858K, committed 36016K, reserved 1081344K
  class space    used 4011K, capacity 4276K, committed 4352K, reserved 1048576K
}
Event: 114.602 GC heap before
{Heap before GC invocations=30 (full 0):
 garbage-first heap   total 95232K, used 74858K [0x00000000c1c00000, 0x0000000100000000)
  region size 1024K, 31 young (31744K), 3 survivors (3072K)
 Metaspace       used 36546K, capacity 37326K, committed 37424K, reserved 1083392K
  class space    used 4172K, capacity 4465K, committed 4480K, reserved 1048576K
}
Event: 114.610 GC heap after
{Heap after GC invocations=31 (full 0):
 garbage-first heap   total 95232K, used 47804K [0x00000000c1c00000, 0x0000000100000000)
  region size 1024K, 4 young (4096K), 4 survivors (4096K)
 Metaspace       used 36546K, capacity 37326K, committed 37424K, reserved 1083392K
  class space    used 4172K, capacity 4465K, committed 4480K, reserved 1048576K
}
Event: 214.987 GC heap before
{Heap before GC invocations=32 (full 0):
 garbage-first heap   total 95232K, used 74428K [0x00000000c1c00000, 0x0000000100000000)
  region size 1024K, 31 young (31744K), 4 survivors (4096K)
 Metaspace       used 37401K, capacity 38185K, committed 38320K, reserved 1083392K
  class space    used 4239K, capacity 4546K, committed 4608K, reserved 1048576K
}
Event: 214.997 GC heap after
{Heap after GC invocations=33 (full 0):
 garbage-first heap   total 95232K, used 48923K [0x00000000c1c00000, 0x0000000100000000)
  region size 1024K, 3 young (3072K), 3 survivors (3072K)
 Metaspace       used 37401K, capacity 38185K, committed 38320K, reserved 1083392K
  class space    used 4239K, capacity 4546K, committed 4608K, reserved 1048576K
}
Event: 470.279 GC heap before
{Heap before GC invocations=33 (full 0):
 garbage-first heap   total 95232K, used 75547K [0x00000000c1c00000, 0x0000000100000000)
  region size 1024K, 30 young (30720K), 3 survivors (3072K)
 Metaspace       used 37896K, capacity 38722K, committed 38832K, reserved 1083392K
  class space    used 4265K, capacity 4587K, committed 4608K, reserved 1048576K
}
Event: 470.288 GC heap after
{Heap after GC invocations=34 (full 0):
 garbage-first heap   total 95232K, used 49289K [0x00000000c1c00000, 0x0000000100000000)
  region size 1024K, 2 young (2048K), 2 survivors (2048K)
 Metaspace       used 37896K, capacity 38722K, committed 38832K, reserved 1083392K
  class space    used 4265K, capacity 4587K, committed 4608K, reserved 1048576K
}
Event: 548.142 GC heap before
{Heap before GC invocations=35 (full 0):
 garbage-first heap   total 95232K, used 76937K [0x00000000c1c00000, 0x0000000100000000)
  region size 1024K, 30 young (30720K), 2 survivors (2048K)
 Metaspace       used 38228K, capacity 39016K, committed 39088K, reserved 1083392K
  class space    used 4268K, capacity 4589K, committed 4608K, reserved 1048576K
}
Event: 548.144 GC heap after
{Heap after GC invocations=36 (full 0):
 garbage-first heap   total 95232K, used 49056K [0x00000000c1c00000, 0x0000000100000000)
  region size 1024K, 2 young (2048K), 2 survivors (2048K)
 Metaspace       used 38228K, capacity 39016K, committed 39088K, reserved 1083392K
  class space    used 4268K, capacity 4589K, committed 4608K, reserved 1048576K
}

