<?xml version="1.0" encoding="UTF-8"?>
<testng-results ignored="0" total="1" passed="0" failed="1" skipped="0">
  <reporter-output>
  </reporter-output>
  <suite started-at="2019-12-24T16:01:48Z" name="Run Test Cukes" finished-at="2019-12-24T16:07:35Z" duration-ms="347027">
    <groups>
      <group name="cucumber">
        <method signature="AbstractTestNGCucumberTests.feature(cucumber.api.testng.CucumberFeatureWrapper)[pri:0, instance:com.cucumbercraft.runners.RunCucumberTests_Regression@205159dc]" name="feature" class="cucumber.api.testng.AbstractTestNGCucumberTests"/>
      </group> <!-- cucumber -->
    </groups>
    <test started-at="2019-12-24T16:01:48Z" name="Regression Tests" finished-at="2019-12-24T16:07:35Z" duration-ms="347027">
      <class name="com.cucumbercraft.runners.RunCucumberTests_Regression">
        <test-method is-config="true" signature="beforeSuite()[pri:0, instance:com.cucumbercraft.runners.RunCucumberTests_Regression@205159dc]" started-at="2019-12-24T21:31:47Z" name="beforeSuite" finished-at="2019-12-24T21:31:48Z" duration-ms="27" status="PASS">
          <reporter-output>
          </reporter-output>
        </test-method> <!-- beforeSuite -->
        <test-method is-config="true" signature="beforeTest(org.testng.ITestContext)[pri:0, instance:com.cucumbercraft.runners.RunCucumberTests_Regression@205159dc]" started-at="2019-12-24T21:31:48Z" name="beforeTest" finished-at="2019-12-24T21:31:48Z" duration-ms="12" status="PASS">
          <params>
            <param index="0">
              <value>
                <![CDATA[org.testng.TestRunner@1ba35152]]>
              </value>
            </param>
          </params>
          <reporter-output>
          </reporter-output>
        </test-method> <!-- beforeTest -->
        <test-method is-config="true" signature="setUpClass()[pri:0, instance:com.cucumbercraft.runners.RunCucumberTests_Regression@205159dc]" started-at="2019-12-24T21:31:48Z" name="setUpClass" finished-at="2019-12-24T21:31:49Z" duration-ms="1081" status="PASS">
          <reporter-output>
          </reporter-output>
        </test-method> <!-- setUpClass -->
        <test-method is-config="true" signature="beforeClass()[pri:0, instance:com.cucumbercraft.runners.RunCucumberTests_Regression@205159dc]" started-at="2019-12-24T21:31:49Z" name="beforeClass" finished-at="2019-12-24T21:31:49Z" duration-ms="7" status="PASS">
          <reporter-output>
          </reporter-output>
        </test-method> <!-- beforeClass -->
        <test-method signature="feature(cucumber.api.testng.CucumberFeatureWrapper)[pri:0, instance:com.cucumbercraft.runners.RunCucumberTests_Regression@205159dc]" started-at="2019-12-24T21:31:49Z" name="feature" description="Runs Cucumber Feature" data-provider="features" finished-at="2019-12-24T21:37:33Z" duration-ms="343805" status="FAIL">
          <params>
            <param index="0">
              <value>
                <![CDATA[FiveStar Booking]]>
              </value>
            </param>
          </params>
          <exception class="cucumber.runtime.CucumberException">
            <message>
              <![CDATA[java.lang.AssertionError: org.openqa.selenium.UnhandledAlertException: unexpected alert open: {Alert text : Payment Reference Number not generated.Please try again...(SBL-BPR-00131)
}
  (Session info: chrome=79.0.3945.88)
  (Driver info: chromedriver=72.0.3626.69 (3c16f8a135abc0d4da2dff33804db79b849a7c38),platform=Windows NT 10.0.18362 x86_64) (WARNING: The server did not provide any stacktrace information)
Command duration or timeout: 0 milliseconds: null
Build info: version: '3.12.0', revision: '7c6e0b3', time: '2018-05-08T14:04:26.12Z'
System info: host: 'LAPTOP-C0D8MUFN', ip: '10.79.108.114', os.name: 'Windows 10', os.arch: 'amd64', os.version: '10.0', java.version: '11.0.4'
Driver info: org.openqa.selenium.chrome.ChromeDriver
Capabilities {acceptInsecureCerts: false, acceptSslCerts: false, applicationCacheEnabled: false, browserConnectionEnabled: false, browserName: chrome, chrome: {chromedriverVersion: 72.0.3626.69 (3c16f8a135abc..., userDataDir: C:\Users\Arghya\AppData\Loc...}, cssSelectorsEnabled: true, databaseEnabled: false, goog:chromeOptions: {debuggerAddress: localhost:4824}, handlesAlerts: true, hasTouchScreen: false, javascriptEnabled: true, locationContextEnabled: true, mobileEmulationEnabled: false, nativeEvents: true, networkConnectionEnabled: false, pageLoadStrategy: normal, platform: XP, platformName: XP, proxy: Proxy(), rotatable: false, setWindowRect: true, takesHeapSnapshot: true, takesScreenshot: true, timeouts: {implicit: 0, pageLoad: 300000, script: 30000}, unexpectedAlertBehaviour: ignore, unhandledPromptBehavior: ignore, version: 79.0.3945.88, webStorageEnabled: true}
Session ID: 61948ea73df0a39d6a1c48a8be073d26
*** Element info: {Using=xpath, value=//*[text()='KeyStar Booking List']}]]>
            </message>
            <full-stacktrace>
              <![CDATA[cucumber.runtime.CucumberException: java.lang.AssertionError: org.openqa.selenium.UnhandledAlertException: unexpected alert open: {Alert text : Payment Reference Number not generated.Please try again...(SBL-BPR-00131)
}
  (Session info: chrome=79.0.3945.88)
  (Driver info: chromedriver=72.0.3626.69 (3c16f8a135abc0d4da2dff33804db79b849a7c38),platform=Windows NT 10.0.18362 x86_64) (WARNING: The server did not provide any stacktrace information)
Command duration or timeout: 0 milliseconds: null
Build info: version: '3.12.0', revision: '7c6e0b3', time: '2018-05-08T14:04:26.12Z'
System info: host: 'LAPTOP-C0D8MUFN', ip: '10.79.108.114', os.name: 'Windows 10', os.arch: 'amd64', os.version: '10.0', java.version: '11.0.4'
Driver info: org.openqa.selenium.chrome.ChromeDriver
Capabilities {acceptInsecureCerts: false, acceptSslCerts: false, applicationCacheEnabled: false, browserConnectionEnabled: false, browserName: chrome, chrome: {chromedriverVersion: 72.0.3626.69 (3c16f8a135abc..., userDataDir: C:\Users\Arghya\AppData\Loc...}, cssSelectorsEnabled: true, databaseEnabled: false, goog:chromeOptions: {debuggerAddress: localhost:4824}, handlesAlerts: true, hasTouchScreen: false, javascriptEnabled: true, locationContextEnabled: true, mobileEmulationEnabled: false, nativeEvents: true, networkConnectionEnabled: false, pageLoadStrategy: normal, platform: XP, platformName: XP, proxy: Proxy(), rotatable: false, setWindowRect: true, takesHeapSnapshot: true, takesScreenshot: true, timeouts: {implicit: 0, pageLoad: 300000, script: 30000}, unexpectedAlertBehaviour: ignore, unhandledPromptBehavior: ignore, version: 79.0.3945.88, webStorageEnabled: true}
Session ID: 61948ea73df0a39d6a1c48a8be073d26
*** Element info: {Using=xpath, value=//*[text()='KeyStar Booking List']}
	at cucumber.api.testng.TestNGCucumberRunner.runCucumber(TestNGCucumberRunner.java:69)
	at cucumber.api.testng.AbstractTestNGCucumberTests.feature(AbstractTestNGCucumberTests.java:21)
	at java.base/jdk.internal.reflect.NativeMethodAccessorImpl.invoke0(Native Method)
	at java.base/jdk.internal.reflect.NativeMethodAccessorImpl.invoke(NativeMethodAccessorImpl.java:62)
	at java.base/jdk.internal.reflect.DelegatingMethodAccessorImpl.invoke(DelegatingMethodAccessorImpl.java:43)
	at java.base/java.lang.reflect.Method.invoke(Method.java:566)
	at org.testng.internal.MethodInvocationHelper.invokeMethod(MethodInvocationHelper.java:108)
	at org.testng.internal.Invoker.invokeMethod(Invoker.java:661)
	at org.testng.internal.Invoker.invokeTestMethod(Invoker.java:869)
	at org.testng.internal.Invoker.invokeTestMethods(Invoker.java:1193)
	at org.testng.internal.TestMethodWorker.invokeTestMethods(TestMethodWorker.java:126)
	at org.testng.internal.TestMethodWorker.run(TestMethodWorker.java:109)
	at org.testng.TestRunner.privateRun(TestRunner.java:744)
	at org.testng.TestRunner.run(TestRunner.java:602)
	at org.testng.SuiteRunner.runTest(SuiteRunner.java:380)
	at org.testng.SuiteRunner.access$000(SuiteRunner.java:39)
	at org.testng.SuiteRunner$SuiteWorker.run(SuiteRunner.java:414)
	at org.testng.internal.thread.ThreadUtil$1.call(ThreadUtil.java:52)
	at java.base/java.util.concurrent.FutureTask.run(FutureTask.java:264)
	at java.base/java.util.concurrent.ThreadPoolExecutor.runWorker(ThreadPoolExecutor.java:1128)
	at java.base/java.util.concurrent.ThreadPoolExecutor$Worker.run(ThreadPoolExecutor.java:628)
	at java.base/java.lang.Thread.run(Thread.java:834)
Caused by: java.lang.AssertionError: org.openqa.selenium.UnhandledAlertException: unexpected alert open: {Alert text : Payment Reference Number not generated.Please try again...(SBL-BPR-00131)
}
  (Session info: chrome=79.0.3945.88)
  (Driver info: chromedriver=72.0.3626.69 (3c16f8a135abc0d4da2dff33804db79b849a7c38),platform=Windows NT 10.0.18362 x86_64) (WARNING: The server did not provide any stacktrace information)
Command duration or timeout: 0 milliseconds: null
Build info: version: '3.12.0', revision: '7c6e0b3', time: '2018-05-08T14:04:26.12Z'
System info: host: 'LAPTOP-C0D8MUFN', ip: '10.79.108.114', os.name: 'Windows 10', os.arch: 'amd64', os.version: '10.0', java.version: '11.0.4'
Driver info: org.openqa.selenium.chrome.ChromeDriver
Capabilities {acceptInsecureCerts: false, acceptSslCerts: false, applicationCacheEnabled: false, browserConnectionEnabled: false, browserName: chrome, chrome: {chromedriverVersion: 72.0.3626.69 (3c16f8a135abc..., userDataDir: C:\Users\Arghya\AppData\Loc...}, cssSelectorsEnabled: true, databaseEnabled: false, goog:chromeOptions: {debuggerAddress: localhost:4824}, handlesAlerts: true, hasTouchScreen: false, javascriptEnabled: true, locationContextEnabled: true, mobileEmulationEnabled: false, nativeEvents: true, networkConnectionEnabled: false, pageLoadStrategy: normal, platform: XP, platformName: XP, proxy: Proxy(), rotatable: false, setWindowRect: true, takesHeapSnapshot: true, takesScreenshot: true, timeouts: {implicit: 0, pageLoad: 300000, script: 30000}, unexpectedAlertBehaviour: ignore, unhandledPromptBehavior: ignore, version: 79.0.3945.88, webStorageEnabled: true}
Session ID: 61948ea73df0a39d6a1c48a8be073d26
*** Element info: {Using=xpath, value=//*[text()='KeyStar Booking List']}
	at org.testng.Assert.fail(Assert.java:93)
	at com.cucumbercraft.stepdefinitions.BookingMethods.NavigateTo_NextScreen(BookingMethods.java:1133)
	at com.cucumbercraft.stepdefinitions.BookingMethods.Navigate_To_Screen(BookingMethods.java:205)
	at com.cucumbercraft.stepdefinitions.FivestarBookingStepDefination.i_ensure_fivestar_booking_completed_for(FivestarBookingStepDefination.java:694)
	at âœ½.Then User ensures fivestar booking completed for TC_011(TC_011_DONTUSE_1PAX1SEG_Five_Star_Booking.feature:42)
]]>
            </full-stacktrace>
          </exception> <!-- cucumber.runtime.CucumberException -->
          <reporter-output>
          </reporter-output>
        </test-method> <!-- feature -->
        <test-method is-config="true" signature="afterClass()[pri:0, instance:com.cucumbercraft.runners.RunCucumberTests_Regression@205159dc]" started-at="2019-12-24T21:37:33Z" name="afterClass" finished-at="2019-12-24T21:37:33Z" duration-ms="10" status="PASS">
          <reporter-output>
          </reporter-output>
        </test-method> <!-- afterClass -->
        <test-method is-config="true" signature="tearDownClass()[pri:0, instance:com.cucumbercraft.runners.RunCucumberTests_Regression@205159dc]" started-at="2019-12-24T21:37:33Z" name="tearDownClass" finished-at="2019-12-24T21:37:35Z" duration-ms="1666" status="PASS">
          <reporter-output>
          </reporter-output>
        </test-method> <!-- tearDownClass -->
        <test-method is-config="true" signature="afterTest()[pri:0, instance:com.cucumbercraft.runners.RunCucumberTests_Regression@205159dc]" started-at="2019-12-24T21:37:35Z" name="afterTest" finished-at="2019-12-24T21:37:35Z" duration-ms="0" status="PASS">
          <reporter-output>
          </reporter-output>
        </test-method> <!-- afterTest -->
        <test-method is-config="true" signature="afterSuite()[pri:0, instance:com.cucumbercraft.runners.RunCucumberTests_Regression@205159dc]" started-at="2019-12-24T21:37:35Z" name="afterSuite" finished-at="2019-12-24T21:37:35Z" duration-ms="0" status="PASS">
          <reporter-output>
          </reporter-output>
        </test-method> <!-- afterSuite -->
      </class> <!-- com.cucumbercraft.runners.RunCucumberTests_Regression -->
    </test> <!-- Regression Tests -->
  </suite> <!-- Run Test Cukes -->
</testng-results>
